<?xml version="1.0" encoding="UTF-8"?>
<!-- Generated by org.testng.reporters.JUnitXMLReporter -->
<testsuite ignored="0" hostname="AKILA2024" failures="1" tests="3" name="Login Page Test" time="28.879" errors="0" timestamp="2026-03-07T12:04:03 GMT">
  <testcase classname="SeleniumLearning.SeleniumFrameworkLearning.LandingTest" name="loginErrorValidation" time="2.542">
    <skipped/>
  </testcase> <!-- loginErrorValidation -->
  <testcase classname="SeleniumLearning.SeleniumFrameworkLearning.LandingTest" name="loginErrorValidation" time="1.037">
    <skipped/>
  </testcase> <!-- loginErrorValidation -->
  <testcase classname="SeleniumLearning.SeleniumFrameworkLearning.LandingTest" name="loginErrorValidation" time="1.054">
    <failure type="java.lang.AssertionError">
      <![CDATA[java.lang.AssertionError: 
at SeleniumLearning.SeleniumFrameworkLearning.LandingTest.loginErrorValidation(LandingTest.java:24)
at java.base/java.util.concurrent.Executors$RunnableAdapter.call(Executors.java:572)
at java.base/java.util.concurrent.FutureTask.run(FutureTask.java:317)
at java.base/java.util.concurrent.ThreadPoolExecutor.runWorker(ThreadPoolExecutor.java:1144)
at java.base/java.util.concurrent.ThreadPoolExecutor$Worker.run(ThreadPoolExecutor.java:642)
at java.base/java.lang.Thread.run(Thread.java:1583)
... Removed 14 stack frames]]>
    </failure>
  </testcase> <!-- loginErrorValidation -->
</testsuite> <!-- Login Page Test -->
