<?xml version="1.0" encoding="UTF-8"?>
<!-- Generated by org.testng.reporters.JUnitXMLReporter -->
<testsuite ignored="1" hostname="AKILA2024" failures="0" tests="1" name="Cart Dashboard Test" time="42.8" errors="0" timestamp="2026-03-08T17:32:20 GMT">
  <testcase classname="SeleniumLearning.SeleniumFrameworkLearning.CartDashboardTest" name="submitOrderCartErrorValidation" time="18.861"/>
  <testcase classname="SeleniumLearning.SeleniumFrameworkLearning.CartDashboardTest" name="submitOrderCartValidation" time="0.0">
    <ignored/>
  </testcase> <!-- submitOrderCartValidation -->
</testsuite> <!-- Cart Dashboard Test -->
