<?xml version="1.0" encoding="UTF-8"?>
<!-- Generated by org.testng.reporters.JUnitXMLReporter -->
<testsuite ignored="2" hostname="AKILA2024" failures="0" tests="0" time="0.023" errors="0" timestamp="2026-03-08T17:31:40 GMT">
  <testcase classname="SeleniumLearning.SeleniumFrameworkLearning.ConfirmationTest" name="submitedOrderMatchConfirmation" time="0.0">
    <ignored/>
  </testcase> <!-- submitedOrderMatchConfirmation -->
  <testcase classname="SeleniumLearning.SeleniumFrameworkLearning.ConfirmationTest" name="submitedOrderMessageConfirmation" time="0.0">
    <ignored/>
  </testcase> <!-- submitedOrderMessageConfirmation -->
</testsuite>
