<?xml version="1.0" encoding="UTF-8"?>
<testng-results ignored="0" total="1" passed="1" failed="0" skipped="0">
  <reporter-output>
  </reporter-output>
  <suite started-at="2026-03-09T16:09:39 GMT" name="Surefire suite" finished-at="2026-03-09T16:09:50 GMT" duration-ms="11257">
    <groups>
      <group name="cucumber">
        <method signature="AbstractTestNGCucumberTests.runScenario(io.cucumber.testng.PickleWrapper,io.cucumber.testng.FeatureWrapper)[pri:0, instance:features.TestRunner@2a32de6c]" name="runScenario" class="io.cucumber.testng.AbstractTestNGCucumberTests"/>
      </group> <!-- cucumber -->
    </groups>
    <test started-at="2026-03-09T16:09:39 GMT" name="Surefire test" finished-at="2026-03-09T16:09:50 GMT" duration-ms="11257">
      <class name="features.TestRunner">
        <test-method is-config="true" signature="setUpClass(org.testng.ITestContext)[pri:0, instance:features.TestRunner@2a32de6c]" started-at="2026-03-09T16:09:39 GMT" name="setUpClass" finished-at="2026-03-09T16:09:40 GMT" duration-ms="1284" status="PASS">
          <params>
            <param index="0">
              <value>
                <![CDATA[org.testng.TestRunner@100c567f]]>
              </value>
            </param>
          </params>
          <reporter-output>
          </reporter-output>
        </test-method> <!-- setUpClass -->
        <test-method signature="runScenario(io.cucumber.testng.PickleWrapper,io.cucumber.testng.FeatureWrapper)[pri:0, instance:features.TestRunner@2a32de6c]" started-at="2026-03-09T16:09:40 GMT" name="runScenario" description="Runs Cucumber Scenarios" data-provider="scenarios" finished-at="2026-03-09T16:09:50 GMT" duration-ms="9824" status="PASS">
          <params>
            <param index="0">
              <value>
                <![CDATA["Errors Connexion"]]>
              </value>
            </param>
            <param index="1">
              <value>
                <![CDATA["Unknown"]]>
              </value>
            </param>
          </params>
          <reporter-output>
          </reporter-output>
        </test-method> <!-- runScenario -->
        <test-method is-config="true" signature="tearDownClass()[pri:0, instance:features.TestRunner@2a32de6c]" started-at="2026-03-09T16:09:50 GMT" name="tearDownClass" finished-at="2026-03-09T16:09:50 GMT" duration-ms="70" status="PASS">
          <reporter-output>
          </reporter-output>
        </test-method> <!-- tearDownClass -->
      </class> <!-- features.TestRunner -->
    </test> <!-- Surefire test -->
  </suite> <!-- Surefire suite -->
</testng-results>
