<?xml version="1.0" encoding="UTF-8"?>
<testng-results ignored="0" total="1" passed="1" failed="0" skipped="0">
  <reporter-output>
  </reporter-output>
  <suite started-at="2026-03-09T15:53:28 GMT" name="Default suite" finished-at="2026-03-09T15:53:43 GMT" duration-ms="15694">
    <groups>
      <group name="cucumber">
        <method signature="AbstractTestNGCucumberTests.runScenario(io.cucumber.testng.PickleWrapper,io.cucumber.testng.FeatureWrapper)[pri:0, instance:features.TestRunner@7d8704ef]" name="runScenario" class="io.cucumber.testng.AbstractTestNGCucumberTests"/>
      </group> <!-- cucumber -->
    </groups>
    <test started-at="2026-03-09T15:53:28 GMT" name="Default test" finished-at="2026-03-09T15:53:43 GMT" duration-ms="15694">
      <class name="features.TestRunner">
        <test-method is-config="true" signature="setUpClass(org.testng.ITestContext)[pri:0, instance:features.TestRunner@7d8704ef]" started-at="2026-03-09T15:53:28 GMT" name="setUpClass" finished-at="2026-03-09T15:53:31 GMT" duration-ms="3368" status="PASS">
          <params>
            <param index="0">
              <value>
                <![CDATA[org.testng.TestRunner@396ef8b2]]>
              </value>
            </param>
          </params>
          <reporter-output>
          </reporter-output>
        </test-method> <!-- setUpClass -->
        <test-method signature="runScenario(io.cucumber.testng.PickleWrapper,io.cucumber.testng.FeatureWrapper)[pri:0, instance:features.TestRunner@7d8704ef]" started-at="2026-03-09T15:53:31 GMT" name="runScenario" description="Runs Cucumber Scenarios" data-provider="scenarios" finished-at="2026-03-09T15:53:43 GMT" duration-ms="12122" status="PASS">
          <params>
            <param index="0">
              <value>
                <![CDATA["Errors Connexion"]]>
              </value>
            </param>
            <param index="1">
              <value>
                <![CDATA["Unknown"]]>
              </value>
            </param>
          </params>
          <reporter-output>
          </reporter-output>
        </test-method> <!-- runScenario -->
        <test-method is-config="true" signature="tearDownClass()[pri:0, instance:features.TestRunner@7d8704ef]" started-at="2026-03-09T15:53:43 GMT" name="tearDownClass" finished-at="2026-03-09T15:53:43 GMT" duration-ms="70" status="PASS">
          <reporter-output>
          </reporter-output>
        </test-method> <!-- tearDownClass -->
      </class> <!-- features.TestRunner -->
    </test> <!-- Default test -->
  </suite> <!-- Default suite -->
</testng-results>
