<?xml version="1.0" encoding="UTF-8"?>
<!-- Generated by org.testng.reporters.JUnitReportReporter -->
<testsuite hostname="AKILA2024" failures="0" tests="1" name="SeleniumLearning.SeleniumFrameworkLearning.OrderDashboardTest" time="15.042" errors="0" timestamp="2026-03-05T17:22:22 GMT" skipped="0">
  <testcase classname="SeleniumLearning.SeleniumFrameworkLearning.OrderDashboardTest" name="verifyProductIntoOrderListByName" time="15.042"/>
</testsuite> <!-- SeleniumLearning.SeleniumFrameworkLearning.OrderDashboardTest -->
