<?xml version="1.0" encoding="UTF-8"?>
<!-- Generated by org.testng.reporters.JUnitReportReporter -->
<testsuite hostname="AKILA2024" failures="1" tests="3" name="SeleniumLearning.SeleniumFrameworkLearning.LandingTest" time="27.689" errors="0" timestamp="2026-03-07T12:04:03 GMT" skipped="2">
  <testcase classname="SeleniumLearning.SeleniumFrameworkLearning.LandingTest" name="loginErrorValidation" time="6.100">
    <skipped/>
  </testcase> <!-- loginErrorValidation -->
  <testcase classname="SeleniumLearning.SeleniumFrameworkLearning.LandingTest" name="loginErrorValidation" time="13.544">
    <failure message="" type="java.lang.AssertionError">
      <![CDATA[java.lang.AssertionError: 
at org.testng.AssertJUnit.fail(AssertJUnit.java:65)
at org.testng.AssertJUnit.assertTrue(AssertJUnit.java:23)
at org.testng.AssertJUnit.assertTrue(AssertJUnit.java:33)
at SeleniumLearning.SeleniumFrameworkLearning.LandingTest.loginErrorValidation(LandingTest.java:24)
at java.base/jdk.internal.reflect.DirectMethodHandleAccessor.invoke(DirectMethodHandleAccessor.java:103)
at java.base/java.lang.reflect.Method.invoke(Method.java:580)
at org.testng.internal.invokers.MethodInvocationHelper.invokeMethod(MethodInvocationHelper.java:141)
at org.testng.internal.invokers.TestInvoker.invokeMethod(TestInvoker.java:697)
at org.testng.internal.invokers.TestInvoker.retryFailed(TestInvoker.java:280)
at org.testng.internal.invokers.MethodRunner.runInSequence(MethodRunner.java:76)
at org.testng.internal.invokers.TestInvoker$MethodInvocationAgent.invoke(TestInvoker.java:1005)
at org.testng.internal.invokers.TestInvoker.invokeTestMethods(TestInvoker.java:203)
at org.testng.internal.invokers.TestMethodWorker.invokeTestMethods(TestMethodWorker.java:154)
at org.testng.internal.invokers.TestMethodWorker.run(TestMethodWorker.java:134)
at java.base/java.util.concurrent.Executors$RunnableAdapter.call(Executors.java:572)
at java.base/java.util.concurrent.FutureTask.run(FutureTask.java:317)
at org.testng.internal.thread.graph.TestNGFutureTask.run(TestNGFutureTask.java:22)
at java.base/java.util.concurrent.ThreadPoolExecutor.runWorker(ThreadPoolExecutor.java:1144)
at java.base/java.util.concurrent.ThreadPoolExecutor$Worker.run(ThreadPoolExecutor.java:642)
at java.base/java.lang.Thread.run(Thread.java:1583)
]]>
    </failure>
  </testcase> <!-- loginErrorValidation -->
  <testcase classname="SeleniumLearning.SeleniumFrameworkLearning.LandingTest" name="loginErrorValidation" time="8.045">
    <skipped/>
  </testcase> <!-- loginErrorValidation -->
</testsuite> <!-- SeleniumLearning.SeleniumFrameworkLearning.LandingTest -->
