<?xml version="1.0" encoding="UTF-8"?>
<!-- Generated by org.testng.reporters.JUnitReportReporter -->
<testsuite hostname="AKILA2024" failures="0" tests="1" name="SeleniumLearning.SeleniumFrameworkLearning.TestPOM2_ErrorValidation" time="6.657" errors="0" timestamp="2026-03-02T11:59:10 GMT" skipped="0">
  <testcase classname="SeleniumLearning.SeleniumFrameworkLearning.TestPOM2_ErrorValidation" name="submitOrder" time="6.657"/>
</testsuite> <!-- SeleniumLearning.SeleniumFrameworkLearning.TestPOM2_ErrorValidation -->
