<?xml version="1.0" encoding="UTF-8"?>
<!-- Generated by org.testng.reporters.JUnitReportReporter -->
<testsuite hostname="AKILA2024" failures="0" tests="4" name="SeleniumLearning.SeleniumFrameworkLearning.ConfirmationTest" time="75.769" errors="0" timestamp="2026-03-05T17:22:22 GMT" skipped="0">
  <testcase classname="SeleniumLearning.SeleniumFrameworkLearning.ConfirmationTest" name="submitedOrderMatchConfirmation" time="20.746"/>
  <testcase classname="SeleniumLearning.SeleniumFrameworkLearning.ConfirmationTest" name="submitedOrderMessageConfirmation" time="18.023"/>
  <testcase classname="SeleniumLearning.SeleniumFrameworkLearning.ConfirmationTest" name="submitedOrderMatchConfirmation" time="16.881"/>
  <testcase classname="SeleniumLearning.SeleniumFrameworkLearning.ConfirmationTest" name="submitedOrderMessageConfirmation" time="20.119"/>
</testsuite> <!-- SeleniumLearning.SeleniumFrameworkLearning.ConfirmationTest -->
