<?xml version="1.0" encoding="UTF-8"?>
<!-- Generated by org.testng.reporters.JUnitReportReporter -->
<testsuite hostname="AKILA2024" failures="0" tests="1" name="SeleniumLearning.SeleniumFrameworkLearning.StandardAloneTest" time="20.498" errors="0" timestamp="2026-03-07T13:02:24 GMT" skipped="0">
  <testcase classname="SeleniumLearning.SeleniumFrameworkLearning.StandardAloneTest" name="singleTest" time="20.498"/>
</testsuite> <!-- SeleniumLearning.SeleniumFrameworkLearning.StandardAloneTest -->
