<?xml version="1.0" encoding="UTF-8"?>
<!-- Generated by org.testng.reporters.JUnitReportReporter -->
<testsuite hostname="AKILA2024" failures="0" tests="1" name="SeleniumLearning.SeleniumFrameworkLearning.CartDashboardTest" time="42.678" errors="0" timestamp="2026-03-08T17:32:20 GMT" skipped="0">
  <testcase classname="SeleniumLearning.SeleniumFrameworkLearning.CartDashboardTest" name="submitOrderCartErrorValidation" time="42.678"/>
</testsuite> <!-- SeleniumLearning.SeleniumFrameworkLearning.CartDashboardTest -->
